mode: atomic
github.com/vcto/cowpilot/internal/mcp/server.go:57.26,73.2 3 6
github.com/vcto/cowpilot/internal/mcp/server.go:76.42,78.2 1 6
github.com/vcto/cowpilot/internal/mcp/server.go:81.54,82.20 1 5
github.com/vcto/cowpilot/internal/mcp/server.go:83.20,84.32 1 1
github.com/vcto/cowpilot/internal/mcp/server.go:85.20,86.31 1 3
github.com/vcto/cowpilot/internal/mcp/server.go:87.10,95.4 1 1
github.com/vcto/cowpilot/internal/mcp/server.go:99.56,101.31 2 1
github.com/vcto/cowpilot/internal/mcp/server.go:101.31,103.3 1 1
github.com/vcto/cowpilot/internal/mcp/server.go:105.2,111.3 1 1
github.com/vcto/cowpilot/internal/mcp/server.go:114.55,120.60 2 3
github.com/vcto/cowpilot/internal/mcp/server.go:120.60,129.3 1 1
github.com/vcto/cowpilot/internal/mcp/server.go:131.2,131.28 1 2
github.com/vcto/cowpilot/internal/mcp/server.go:131.28,140.3 1 1
github.com/vcto/cowpilot/internal/mcp/server.go:143.2,154.3 1 1
github.com/vcto/cowpilot/internal/transport/http.go:19.58,23.2 1 4
github.com/vcto/cowpilot/internal/transport/http.go:26.75,27.33 1 4
github.com/vcto/cowpilot/internal/transport/http.go:27.33,30.3 2 1
github.com/vcto/cowpilot/internal/transport/http.go:33.2,38.9 4 3
github.com/vcto/cowpilot/internal/transport/http.go:38.9,41.3 2 0
github.com/vcto/cowpilot/internal/transport/http.go:44.2,45.16 2 3
github.com/vcto/cowpilot/internal/transport/http.go:45.16,48.3 2 0
github.com/vcto/cowpilot/internal/transport/http.go:49.2,53.51 3 3
github.com/vcto/cowpilot/internal/transport/http.go:53.51,56.3 2 1
github.com/vcto/cowpilot/internal/transport/http.go:59.2,59.26 1 2
github.com/vcto/cowpilot/internal/transport/http.go:59.26,62.3 2 1
github.com/vcto/cowpilot/internal/transport/http.go:65.2,68.56 2 1
github.com/vcto/cowpilot/internal/transport/http.go:68.56,71.3 1 0
github.com/vcto/cowpilot/internal/transport/http.go:73.2,73.17 1 1
github.com/vcto/cowpilot/internal/transport/http.go:76.66,85.2 2 2
github.com/vcto/cowpilot/internal/transport/http.go:94.49,100.2 2 1
github.com/vcto/cowpilot/internal/transport/http.go:103.61,105.48 2 2
github.com/vcto/cowpilot/internal/transport/http.go:105.48,107.3 1 0
github.com/vcto/cowpilot/internal/transport/http.go:108.2,108.18 1 2
